{"total": {"lines":{"total":2486,"covered":2040,"skipped":0,"pct":82.05},"statements":{"total":2531,"covered":2081,"skipped":0,"pct":82.22},"functions":{"total":611,"covered":486,"skipped":0,"pct":79.54},"branches":{"total":578,"covered":374,"skipped":0,"pct":64.7},"branchesTrue":{"total":0,"covered":0,"skipped":0,"pct":100}}
,"/home/runner/work/bee-js/bee-js/src/bee-dev.ts": {"lines":{"total":14,"covered":5,"skipped":0,"pct":35.71},"functions":{"total":2,"covered":0,"skipped":0,"pct":0},"statements":{"total":14,"covered":5,"skipped":0,"pct":35.71},"branches":{"total":0,"covered":0,"skipped":0,"pct":100}}
,"/home/runner/work/bee-js/bee-js/src/bee.ts": {"lines":{"total":453,"covered":377,"skipped":0,"pct":83.22},"functions":{"total":132,"covered":108,"skipped":0,"pct":81.81},"statements":{"total":456,"covered":380,"skipped":0,"pct":83.33},"branches":{"total":123,"covered":75,"skipped":0,"pct":60.97}}
,"/home/runner/work/bee-js/bee-js/src/index.ts": {"lines":{"total":16,"covered":16,"skipped":0,"pct":100},"functions":{"total":10,"covered":7,"skipped":0,"pct":70},"statements":{"total":25,"covered":25,"skipped":0,"pct":100},"branches":{"total":0,"covered":0,"skipped":0,"pct":100}}
,"/home/runner/work/bee-js/bee-js/src/chunk/bmt.ts": {"lines":{"total":16,"covered":15,"skipped":0,"pct":93.75},"functions":{"total":3,"covered":3,"skipped":0,"pct":100},"statements":{"total":17,"covered":16,"skipped":0,"pct":94.11},"branches":{"total":1,"covered":0,"skipped":0,"pct":0}}
,"/home/runner/work/bee-js/bee-js/src/chunk/cac.ts": {"lines":{"total":21,"covered":20,"skipped":0,"pct":95.23},"functions":{"total":3,"covered":3,"skipped":0,"pct":100},"statements":{"total":21,"covered":20,"skipped":0,"pct":95.23},"branches":{"total":8,"covered":6,"skipped":0,"pct":75}}
,"/home/runner/work/bee-js/bee-js/src/chunk/soc.ts": {"lines":{"total":59,"covered":58,"skipped":0,"pct":98.3},"functions":{"total":8,"covered":8,"skipped":0,"pct":100},"statements":{"total":59,"covered":58,"skipped":0,"pct":98.3},"branches":{"total":3,"covered":1,"skipped":0,"pct":33.33}}
,"/home/runner/work/bee-js/bee-js/src/feed/identifier.ts": {"lines":{"total":5,"covered":5,"skipped":0,"pct":100},"functions":{"total":1,"covered":1,"skipped":0,"pct":100},"statements":{"total":5,"covered":5,"skipped":0,"pct":100},"branches":{"total":2,"covered":1,"skipped":0,"pct":50}}
,"/home/runner/work/bee-js/bee-js/src/feed/index.ts": {"lines":{"total":85,"covered":83,"skipped":0,"pct":97.64},"functions":{"total":13,"covered":13,"skipped":0,"pct":100},"statements":{"total":85,"covered":83,"skipped":0,"pct":97.64},"branches":{"total":32,"covered":25,"skipped":0,"pct":78.12}}
,"/home/runner/work/bee-js/bee-js/src/feed/retrievable.ts": {"lines":{"total":19,"covered":18,"skipped":0,"pct":94.73},"functions":{"total":5,"covered":5,"skipped":0,"pct":100},"statements":{"total":21,"covered":20,"skipped":0,"pct":95.23},"branches":{"total":3,"covered":3,"skipped":0,"pct":100}}
,"/home/runner/work/bee-js/bee-js/src/manifest/manifest.ts": {"lines":{"total":237,"covered":222,"skipped":0,"pct":93.67},"functions":{"total":25,"covered":25,"skipped":0,"pct":100},"statements":{"total":240,"covered":225,"skipped":0,"pct":93.75},"branches":{"total":86,"covered":75,"skipped":0,"pct":87.2}}
,"/home/runner/work/bee-js/bee-js/src/modules/bytes.ts": {"lines":{"total":25,"covered":21,"skipped":0,"pct":84},"functions":{"total":4,"covered":3,"skipped":0,"pct":75},"statements":{"total":25,"covered":21,"skipped":0,"pct":84},"branches":{"total":6,"covered":5,"skipped":0,"pct":83.33}}
,"/home/runner/work/bee-js/bee-js/src/modules/bzz.ts": {"lines":{"total":31,"covered":30,"skipped":0,"pct":96.77},"functions":{"total":4,"covered":4,"skipped":0,"pct":100},"statements":{"total":31,"covered":30,"skipped":0,"pct":96.77},"branches":{"total":14,"covered":9,"skipped":0,"pct":64.28}}
,"/home/runner/work/bee-js/bee-js/src/modules/chunk.ts": {"lines":{"total":14,"covered":14,"skipped":0,"pct":100},"functions":{"total":2,"covered":2,"skipped":0,"pct":100},"statements":{"total":14,"covered":14,"skipped":0,"pct":100},"branches":{"total":4,"covered":2,"skipped":0,"pct":50}}
,"/home/runner/work/bee-js/bee-js/src/modules/envelope.ts": {"lines":{"total":7,"covered":7,"skipped":0,"pct":100},"functions":{"total":1,"covered":1,"skipped":0,"pct":100},"statements":{"total":7,"covered":7,"skipped":0,"pct":100},"branches":{"total":0,"covered":0,"skipped":0,"pct":100}}
,"/home/runner/work/bee-js/bee-js/src/modules/feed.ts": {"lines":{"total":24,"covered":22,"skipped":0,"pct":91.66},"functions":{"total":4,"covered":4,"skipped":0,"pct":100},"statements":{"total":24,"covered":22,"skipped":0,"pct":91.66},"branches":{"total":2,"covered":0,"skipped":0,"pct":0}}
,"/home/runner/work/bee-js/bee-js/src/modules/grantee.ts": {"lines":{"total":21,"covered":21,"skipped":0,"pct":100},"functions":{"total":7,"covered":7,"skipped":0,"pct":100},"statements":{"total":21,"covered":21,"skipped":0,"pct":100},"branches":{"total":0,"covered":0,"skipped":0,"pct":100}}
,"/home/runner/work/bee-js/bee-js/src/modules/gsoc.ts": {"lines":{"total":11,"covered":10,"skipped":0,"pct":90.9},"functions":{"total":2,"covered":2,"skipped":0,"pct":100},"statements":{"total":11,"covered":10,"skipped":0,"pct":90.9},"branches":{"total":1,"covered":0,"skipped":0,"pct":0}}
,"/home/runner/work/bee-js/bee-js/src/modules/pinning.ts": {"lines":{"total":20,"covered":19,"skipped":0,"pct":95},"functions":{"total":6,"covered":6,"skipped":0,"pct":100},"statements":{"total":21,"covered":20,"skipped":0,"pct":95.23},"branches":{"total":1,"covered":0,"skipped":0,"pct":0}}
,"/home/runner/work/bee-js/bee-js/src/modules/pss.ts": {"lines":{"total":12,"covered":11,"skipped":0,"pct":91.66},"functions":{"total":2,"covered":2,"skipped":0,"pct":100},"statements":{"total":12,"covered":11,"skipped":0,"pct":91.66},"branches":{"total":1,"covered":0,"skipped":0,"pct":0}}
,"/home/runner/work/bee-js/bee-js/src/modules/rchash.ts": {"lines":{"total":7,"covered":5,"skipped":0,"pct":71.42},"functions":{"total":1,"covered":1,"skipped":0,"pct":100},"statements":{"total":7,"covered":5,"skipped":0,"pct":71.42},"branches":{"total":0,"covered":0,"skipped":0,"pct":100}}
,"/home/runner/work/bee-js/bee-js/src/modules/soc.ts": {"lines":{"total":10,"covered":10,"skipped":0,"pct":100},"functions":{"total":1,"covered":1,"skipped":0,"pct":100},"statements":{"total":10,"covered":10,"skipped":0,"pct":100},"branches":{"total":4,"covered":2,"skipped":0,"pct":50}}
,"/home/runner/work/bee-js/bee-js/src/modules/status.ts": {"lines":{"total":10,"covered":5,"skipped":0,"pct":50},"functions":{"total":2,"covered":1,"skipped":0,"pct":50},"statements":{"total":10,"covered":5,"skipped":0,"pct":50},"branches":{"total":0,"covered":0,"skipped":0,"pct":100}}
,"/home/runner/work/bee-js/bee-js/src/modules/stewardship.ts": {"lines":{"total":11,"covered":11,"skipped":0,"pct":100},"functions":{"total":2,"covered":2,"skipped":0,"pct":100},"statements":{"total":11,"covered":11,"skipped":0,"pct":100},"branches":{"total":0,"covered":0,"skipped":0,"pct":100}}
,"/home/runner/work/bee-js/bee-js/src/modules/tag.ts": {"lines":{"total":20,"covered":19,"skipped":0,"pct":95},"functions":{"total":7,"covered":6,"skipped":0,"pct":85.71},"statements":{"total":22,"covered":21,"skipped":0,"pct":95.45},"branches":{"total":0,"covered":0,"skipped":0,"pct":100}}
,"/home/runner/work/bee-js/bee-js/src/modules/debug/balance.ts": {"lines":{"total":26,"covered":26,"skipped":0,"pct":100},"functions":{"total":8,"covered":8,"skipped":0,"pct":100},"statements":{"total":28,"covered":28,"skipped":0,"pct":100},"branches":{"total":0,"covered":0,"skipped":0,"pct":100}}
,"/home/runner/work/bee-js/bee-js/src/modules/debug/chequebook.ts": {"lines":{"total":58,"covered":40,"skipped":0,"pct":68.96},"functions":{"total":18,"covered":9,"skipped":0,"pct":50},"statements":{"total":58,"covered":40,"skipped":0,"pct":68.96},"branches":{"total":2,"covered":0,"skipped":0,"pct":0}}
,"/home/runner/work/bee-js/bee-js/src/modules/debug/connectivity.ts": {"lines":{"total":35,"covered":28,"skipped":0,"pct":80},"functions":{"total":11,"covered":7,"skipped":0,"pct":63.63},"statements":{"total":36,"covered":29,"skipped":0,"pct":80.55},"branches":{"total":2,"covered":2,"skipped":0,"pct":100}}
,"/home/runner/work/bee-js/bee-js/src/modules/debug/settlements.ts": {"lines":{"total":18,"covered":18,"skipped":0,"pct":100},"functions":{"total":4,"covered":4,"skipped":0,"pct":100},"statements":{"total":18,"covered":18,"skipped":0,"pct":100},"branches":{"total":0,"covered":0,"skipped":0,"pct":100}}
,"/home/runner/work/bee-js/bee-js/src/modules/debug/stake.ts": {"lines":{"total":32,"covered":21,"skipped":0,"pct":65.62},"functions":{"total":6,"covered":3,"skipped":0,"pct":50},"statements":{"total":32,"covered":21,"skipped":0,"pct":65.62},"branches":{"total":0,"covered":0,"skipped":0,"pct":100}}
,"/home/runner/work/bee-js/bee-js/src/modules/debug/stamps.ts": {"lines":{"total":45,"covered":43,"skipped":0,"pct":95.55},"functions":{"total":14,"covered":14,"skipped":0,"pct":100},"statements":{"total":49,"covered":47,"skipped":0,"pct":95.91},"branches":{"total":2,"covered":0,"skipped":0,"pct":0}}
,"/home/runner/work/bee-js/bee-js/src/modules/debug/states.ts": {"lines":{"total":29,"covered":24,"skipped":0,"pct":82.75},"functions":{"total":5,"covered":4,"skipped":0,"pct":80},"statements":{"total":29,"covered":24,"skipped":0,"pct":82.75},"branches":{"total":0,"covered":0,"skipped":0,"pct":100}}
,"/home/runner/work/bee-js/bee-js/src/modules/debug/status.ts": {"lines":{"total":36,"covered":34,"skipped":0,"pct":94.44},"functions":{"total":7,"covered":6,"skipped":0,"pct":85.71},"statements":{"total":36,"covered":34,"skipped":0,"pct":94.44},"branches":{"total":0,"covered":0,"skipped":0,"pct":100}}
,"/home/runner/work/bee-js/bee-js/src/modules/debug/transactions.ts": {"lines":{"total":27,"covered":18,"skipped":0,"pct":66.66},"functions":{"total":5,"covered":3,"skipped":0,"pct":60},"statements":{"total":27,"covered":18,"skipped":0,"pct":66.66},"branches":{"total":1,"covered":0,"skipped":0,"pct":0}}
,"/home/runner/work/bee-js/bee-js/src/stamper/stamper.ts": {"lines":{"total":21,"covered":21,"skipped":0,"pct":100},"functions":{"total":5,"covered":5,"skipped":0,"pct":100},"statements":{"total":21,"covered":21,"skipped":0,"pct":100},"branches":{"total":1,"covered":1,"skipped":0,"pct":100}}
,"/home/runner/work/bee-js/bee-js/src/types/debug.ts": {"lines":{"total":12,"covered":8,"skipped":0,"pct":66.66},"functions":{"total":2,"covered":2,"skipped":0,"pct":100},"statements":{"total":12,"covered":8,"skipped":0,"pct":66.66},"branches":{"total":7,"covered":3,"skipped":0,"pct":42.85}}
,"/home/runner/work/bee-js/bee-js/src/types/index.ts": {"lines":{"total":21,"covered":21,"skipped":0,"pct":100},"functions":{"total":2,"covered":2,"skipped":0,"pct":100},"statements":{"total":21,"covered":21,"skipped":0,"pct":100},"branches":{"total":4,"covered":4,"skipped":0,"pct":100}}
,"/home/runner/work/bee-js/bee-js/src/utils/bytes.ts": {"lines":{"total":53,"covered":41,"skipped":0,"pct":77.35},"functions":{"total":15,"covered":12,"skipped":0,"pct":80},"statements":{"total":53,"covered":41,"skipped":0,"pct":77.35},"branches":{"total":18,"covered":14,"skipped":0,"pct":77.77}}
,"/home/runner/work/bee-js/bee-js/src/utils/chunk-size.ts": {"lines":{"total":9,"covered":9,"skipped":0,"pct":100},"functions":{"total":2,"covered":2,"skipped":0,"pct":100},"statements":{"total":9,"covered":9,"skipped":0,"pct":100},"branches":{"total":1,"covered":1,"skipped":0,"pct":100}}
,"/home/runner/work/bee-js/bee-js/src/utils/chunk-stream.browser.ts": {"lines":{"total":55,"covered":0,"skipped":0,"pct":0},"functions":{"total":10,"covered":0,"skipped":0,"pct":0},"statements":{"total":55,"covered":0,"skipped":0,"pct":0},"branches":{"total":7,"covered":0,"skipped":0,"pct":0}}
,"/home/runner/work/bee-js/bee-js/src/utils/chunk-stream.ts": {"lines":{"total":63,"covered":57,"skipped":0,"pct":90.47},"functions":{"total":6,"covered":5,"skipped":0,"pct":83.33},"statements":{"total":63,"covered":57,"skipped":0,"pct":90.47},"branches":{"total":16,"covered":9,"skipped":0,"pct":56.25}}
,"/home/runner/work/bee-js/bee-js/src/utils/cid.ts": {"lines":{"total":23,"covered":22,"skipped":0,"pct":95.65},"functions":{"total":2,"covered":2,"skipped":0,"pct":100},"statements":{"total":23,"covered":22,"skipped":0,"pct":95.65},"branches":{"total":3,"covered":2,"skipped":0,"pct":66.66}}
,"/home/runner/work/bee-js/bee-js/src/utils/collection.browser.ts": {"lines":{"total":4,"covered":0,"skipped":0,"pct":0},"functions":{"total":2,"covered":0,"skipped":0,"pct":0},"statements":{"total":4,"covered":0,"skipped":0,"pct":0},"branches":{"total":0,"covered":0,"skipped":0,"pct":100}}
,"/home/runner/work/bee-js/bee-js/src/utils/collection.node.ts": {"lines":{"total":33,"covered":29,"skipped":0,"pct":87.87},"functions":{"total":3,"covered":3,"skipped":0,"pct":100},"statements":{"total":33,"covered":29,"skipped":0,"pct":87.87},"branches":{"total":10,"covered":6,"skipped":0,"pct":60}}
,"/home/runner/work/bee-js/bee-js/src/utils/collection.ts": {"lines":{"total":18,"covered":14,"skipped":0,"pct":77.77},"functions":{"total":8,"covered":8,"skipped":0,"pct":100},"statements":{"total":21,"covered":17,"skipped":0,"pct":80.95},"branches":{"total":9,"covered":5,"skipped":0,"pct":55.55}}
,"/home/runner/work/bee-js/bee-js/src/utils/constants.ts": {"lines":{"total":7,"covered":7,"skipped":0,"pct":100},"functions":{"total":0,"covered":0,"skipped":0,"pct":100},"statements":{"total":7,"covered":7,"skipped":0,"pct":100},"branches":{"total":0,"covered":0,"skipped":0,"pct":100}}
,"/home/runner/work/bee-js/bee-js/src/utils/data.browser.ts": {"lines":{"total":8,"covered":0,"skipped":0,"pct":0},"functions":{"total":1,"covered":0,"skipped":0,"pct":0},"statements":{"total":8,"covered":0,"skipped":0,"pct":0},"branches":{"total":3,"covered":0,"skipped":0,"pct":0}}
,"/home/runner/work/bee-js/bee-js/src/utils/data.ts": {"lines":{"total":11,"covered":4,"skipped":0,"pct":36.36},"functions":{"total":3,"covered":1,"skipped":0,"pct":33.33},"statements":{"total":12,"covered":4,"skipped":0,"pct":33.33},"branches":{"total":7,"covered":1,"skipped":0,"pct":14.28}}
,"/home/runner/work/bee-js/bee-js/src/utils/duration.ts": {"lines":{"total":22,"covered":20,"skipped":0,"pct":90.9},"functions":{"total":17,"covered":15,"skipped":0,"pct":88.23},"statements":{"total":22,"covered":20,"skipped":0,"pct":90.9},"branches":{"total":5,"covered":5,"skipped":0,"pct":100}}
,"/home/runner/work/bee-js/bee-js/src/utils/error.ts": {"lines":{"total":12,"covered":12,"skipped":0,"pct":100},"functions":{"total":3,"covered":3,"skipped":0,"pct":100},"statements":{"total":12,"covered":12,"skipped":0,"pct":100},"branches":{"total":0,"covered":0,"skipped":0,"pct":100}}
,"/home/runner/work/bee-js/bee-js/src/utils/expose.ts": {"lines":{"total":15,"covered":15,"skipped":0,"pct":100},"functions":{"total":17,"covered":14,"skipped":0,"pct":82.35},"statements":{"total":22,"covered":22,"skipped":0,"pct":100},"branches":{"total":0,"covered":0,"skipped":0,"pct":100}}
,"/home/runner/work/bee-js/bee-js/src/utils/file.ts": {"lines":{"total":12,"covered":8,"skipped":0,"pct":66.66},"functions":{"total":4,"covered":2,"skipped":0,"pct":50},"statements":{"total":13,"covered":8,"skipped":0,"pct":61.53},"branches":{"total":8,"covered":6,"skipped":0,"pct":75}}
,"/home/runner/work/bee-js/bee-js/src/utils/headers.ts": {"lines":{"total":71,"covered":62,"skipped":0,"pct":87.32},"functions":{"total":5,"covered":5,"skipped":0,"pct":100},"statements":{"total":71,"covered":62,"skipped":0,"pct":87.32},"branches":{"total":39,"covered":31,"skipped":0,"pct":79.48}}
,"/home/runner/work/bee-js/bee-js/src/utils/http.ts": {"lines":{"total":37,"covered":32,"skipped":0,"pct":86.48},"functions":{"total":2,"covered":2,"skipped":0,"pct":100},"statements":{"total":37,"covered":32,"skipped":0,"pct":86.48},"branches":{"total":23,"covered":15,"skipped":0,"pct":65.21}}
,"/home/runner/work/bee-js/bee-js/src/utils/mime.ts": {"lines":{"total":1,"covered":1,"skipped":0,"pct":100},"functions":{"total":0,"covered":0,"skipped":0,"pct":100},"statements":{"total":1,"covered":1,"skipped":0,"pct":100},"branches":{"total":0,"covered":0,"skipped":0,"pct":100}}
,"/home/runner/work/bee-js/bee-js/src/utils/pss.ts": {"lines":{"total":5,"covered":5,"skipped":0,"pct":100},"functions":{"total":1,"covered":1,"skipped":0,"pct":100},"statements":{"total":5,"covered":5,"skipped":0,"pct":100},"branches":{"total":0,"covered":0,"skipped":0,"pct":100}}
,"/home/runner/work/bee-js/bee-js/src/utils/redundancy.ts": {"lines":{"total":44,"covered":32,"skipped":0,"pct":72.72},"functions":{"total":4,"covered":4,"skipped":0,"pct":100},"statements":{"total":45,"covered":33,"skipped":0,"pct":73.33},"branches":{"total":26,"covered":12,"skipped":0,"pct":46.15}}
,"/home/runner/work/bee-js/bee-js/src/utils/resource-locator.ts": {"lines":{"total":7,"covered":7,"skipped":0,"pct":100},"functions":{"total":2,"covered":2,"skipped":0,"pct":100},"statements":{"total":7,"covered":7,"skipped":0,"pct":100},"branches":{"total":3,"covered":3,"skipped":0,"pct":100}}
,"/home/runner/work/bee-js/bee-js/src/utils/size.ts": {"lines":{"total":14,"covered":12,"skipped":0,"pct":85.71},"functions":{"total":10,"covered":9,"skipped":0,"pct":90},"statements":{"total":14,"covered":12,"skipped":0,"pct":85.71},"branches":{"total":1,"covered":0,"skipped":0,"pct":0}}
,"/home/runner/work/bee-js/bee-js/src/utils/stamps.ts": {"lines":{"total":78,"covered":55,"skipped":0,"pct":70.51},"functions":{"total":17,"covered":12,"skipped":0,"pct":70.58},"statements":{"total":80,"covered":56,"skipped":0,"pct":70},"branches":{"total":22,"covered":8,"skipped":0,"pct":36.36}}
,"/home/runner/work/bee-js/bee-js/src/utils/tar-uploader.browser.ts": {"lines":{"total":11,"covered":0,"skipped":0,"pct":0},"functions":{"total":1,"covered":0,"skipped":0,"pct":0},"statements":{"total":11,"covered":0,"skipped":0,"pct":0},"branches":{"total":0,"covered":0,"skipped":0,"pct":100}}
,"/home/runner/work/bee-js/bee-js/src/utils/tar-uploader.ts": {"lines":{"total":12,"covered":12,"skipped":0,"pct":100},"functions":{"total":1,"covered":1,"skipped":0,"pct":100},"statements":{"total":12,"covered":12,"skipped":0,"pct":100},"branches":{"total":0,"covered":0,"skipped":0,"pct":100}}
,"/home/runner/work/bee-js/bee-js/src/utils/tar-writer.browser.ts": {"lines":{"total":8,"covered":0,"skipped":0,"pct":0},"functions":{"total":1,"covered":0,"skipped":0,"pct":0},"statements":{"total":8,"covered":0,"skipped":0,"pct":0},"branches":{"total":2,"covered":0,"skipped":0,"pct":0}}
,"/home/runner/work/bee-js/bee-js/src/utils/tar-writer.ts": {"lines":{"total":14,"covered":13,"skipped":0,"pct":92.85},"functions":{"total":1,"covered":1,"skipped":0,"pct":100},"statements":{"total":14,"covered":13,"skipped":0,"pct":92.85},"branches":{"total":4,"covered":3,"skipped":0,"pct":75}}
,"/home/runner/work/bee-js/bee-js/src/utils/tar.browser.ts": {"lines":{"total":40,"covered":0,"skipped":0,"pct":0},"functions":{"total":10,"covered":0,"skipped":0,"pct":0},"statements":{"total":41,"covered":0,"skipped":0,"pct":0},"branches":{"total":4,"covered":0,"skipped":0,"pct":0}}
,"/home/runner/work/bee-js/bee-js/src/utils/tar.ts": {"lines":{"total":39,"covered":36,"skipped":0,"pct":92.3},"functions":{"total":11,"covered":10,"skipped":0,"pct":90.9},"statements":{"total":40,"covered":37,"skipped":0,"pct":92.5},"branches":{"total":6,"covered":3,"skipped":0,"pct":50}}
,"/home/runner/work/bee-js/bee-js/src/utils/tokens.ts": {"lines":{"total":37,"covered":24,"skipped":0,"pct":64.86},"functions":{"total":32,"covered":19,"skipped":0,"pct":59.37},"statements":{"total":37,"covered":24,"skipped":0,"pct":64.86},"branches":{"total":8,"covered":5,"skipped":0,"pct":62.5}}
,"/home/runner/work/bee-js/bee-js/src/utils/type.ts": {"lines":{"total":100,"covered":78,"skipped":0,"pct":78},"functions":{"total":50,"covered":36,"skipped":0,"pct":72},"statements":{"total":100,"covered":78,"skipped":0,"pct":78},"branches":{"total":22,"covered":17,"skipped":0,"pct":77.27}}
,"/home/runner/work/bee-js/bee-js/src/utils/typed-bytes.ts": {"lines":{"total":86,"covered":85,"skipped":0,"pct":98.83},"functions":{"total":31,"covered":30,"skipped":0,"pct":96.77},"statements":{"total":86,"covered":85,"skipped":0,"pct":98.83},"branches":{"total":11,"covered":11,"skipped":0,"pct":100}}
,"/home/runner/work/bee-js/bee-js/src/utils/url.ts": {"lines":{"total":15,"covered":11,"skipped":0,"pct":73.33},"functions":{"total":3,"covered":3,"skipped":0,"pct":100},"statements":{"total":15,"covered":11,"skipped":0,"pct":73.33},"branches":{"total":5,"covered":1,"skipped":0,"pct":20}}
,"/home/runner/work/bee-js/bee-js/src/utils/workaround.ts": {"lines":{"total":14,"covered":11,"skipped":0,"pct":78.57},"functions":{"total":2,"covered":2,"skipped":0,"pct":100},"statements":{"total":14,"covered":11,"skipped":0,"pct":78.57},"branches":{"total":5,"covered":2,"skipped":0,"pct":40}}
}
